<?xml version="1.0" encoding="UTF-8"?>
<coverage generated="1756820596428" clover="3.2.0">
  <project timestamp="1756820596428" name="All files">
    <metrics statements="24" coveredstatements="24" conditionals="0" coveredconditionals="0" methods="0" coveredmethods="0" elements="24" coveredelements="24" complexity="0" loc="24" ncloc="24" packages="1" files="3" classes="3"/>
    <file name="communityRoutes.js" path="/home/tiago/Documents/cursos&PROJETOS-udemy&youtube/youtubeCURSOS/lms-website-MERN/server/routes/communityRoutes.js">
      <metrics statements="15" coveredstatements="15" conditionals="0" coveredconditionals="0" methods="0" coveredmethods="0"/>
      <line num="22" count="1" type="stmt"/>
      <line num="26" count="1" type="stmt"/>
      <line num="27" count="1" type="stmt"/>
      <line num="28" count="1" type="stmt"/>
      <line num="29" count="1" type="stmt"/>
      <line num="30" count="1" type="stmt"/>
      <line num="32" count="1" type="stmt"/>
      <line num="33" count="1" type="stmt"/>
      <line num="34" count="1" type="stmt"/>
      <line num="37" count="1" type="stmt"/>
      <line num="38" count="1" type="stmt"/>
      <line num="39" count="1" type="stmt"/>
      <line num="41" count="1" type="stmt"/>
      <line num="42" count="1" type="stmt"/>
      <line num="43" count="1" type="stmt"/>
    </file>
    <file name="courseRoute.js" path="/home/tiago/Documents/cursos&PROJETOS-udemy&youtube/youtubeCURSOS/lms-website-MERN/server/routes/courseRoute.js">
      <metrics statements="3" coveredstatements="3" conditionals="0" coveredconditionals="0" methods="0" coveredmethods="0"/>
      <line num="4" count="1" type="stmt"/>
      <line num="6" count="1" type="stmt"/>
      <line num="7" count="1" type="stmt"/>
    </file>
    <file name="educatorRoutes.js" path="/home/tiago/Documents/cursos&PROJETOS-udemy&youtube/youtubeCURSOS/lms-website-MERN/server/routes/educatorRoutes.js">
      <metrics statements="6" coveredstatements="6" conditionals="0" coveredconditionals="0" methods="0" coveredmethods="0"/>
      <line num="6" count="1" type="stmt"/>
      <line num="9" count="1" type="stmt"/>
      <line num="10" count="1" type="stmt"/>
      <line num="11" count="1" type="stmt"/>
      <line num="12" count="1" type="stmt"/>
      <line num="13" count="1" type="stmt"/>
    </file>
  </project>
</coverage>
