{"/home/tiago/Documents/cursos&PROJETOS-udemy&youtube/youtubeCURSOS/lms-website-MERN/server/routes/communityRoutes.js": {"path":"/home/tiago/Documents/cursos&PROJETOS-udemy&youtube/youtubeCURSOS/lms-website-MERN/server/routes/communityRoutes.js","statementMap":{"0":{"start":{"line":22,"column":24},"end":{"line":22,"column":40}},"1":{"start":{"line":26,"column":0},"end":{"line":26,"column":47}},"2":{"start":{"line":27,"column":0},"end":{"line":27,"column":63}},"3":{"start":{"line":28,"column":0},"end":{"line":28,"column":46}},"4":{"start":{"line":29,"column":0},"end":{"line":29,"column":59}},"5":{"start":{"line":30,"column":0},"end":{"line":30,"column":72}},"6":{"start":{"line":32,"column":0},"end":{"line":32,"column":63}},"7":{"start":{"line":33,"column":0},"end":{"line":33,"column":71}},"8":{"start":{"line":34,"column":0},"end":{"line":34,"column":53}},"9":{"start":{"line":37,"column":0},"end":{"line":37,"column":68}},"10":{"start":{"line":38,"column":0},"end":{"line":38,"column":59}},"11":{"start":{"line":39,"column":0},"end":{"line":39,"column":57}},"12":{"start":{"line":41,"column":0},"end":{"line":41,"column":57}},"13":{"start":{"line":42,"column":0},"end":{"line":42,"column":62}},"14":{"start":{"line":43,"column":0},"end":{"line":43,"column":65}}},"fnMap":{},"branchMap":{},"s":{"0":1,"1":1,"2":1,"3":1,"4":1,"5":1,"6":1,"7":1,"8":1,"9":1,"10":1,"11":1,"12":1,"13":1,"14":1},"f":{},"b":{},"inputSourceMap":null,"_coverageSchema":"1a1c01bbd47fc00a2c39e90264f33305004495a9","hash":"45208a19fe93e508f6c980eb22f20578f19f850d"}
}
