{"/home/tiago/Documents/cursos&PROJETOS-udemy&youtube/youtubeCURSOS/lms-website-MERN/server/routes/chatRoutes.js": {"path":"/home/tiago/Documents/cursos&PROJETOS-udemy&youtube/youtubeCURSOS/lms-website-MERN/server/routes/chatRoutes.js","statementMap":{"0":{"start":{"line":5,"column":19},"end":{"line":5,"column":35}},"1":{"start":{"line":7,"column":0},"end":{"line":7,"column":41}}},"fnMap":{},"branchMap":{},"s":{"0":1,"1":1},"f":{},"b":{},"inputSourceMap":null,"_coverageSchema":"1a1c01bbd47fc00a2c39e90264f33305004495a9","hash":"11e0e6b08ecaa26202bfd0c4863c8ece090d5f3f"}
,"/home/tiago/Documents/cursos&PROJETOS-udemy&youtube/youtubeCURSOS/lms-website-MERN/server/routes/communityRoutes.js": {"path":"/home/tiago/Documents/cursos&PROJETOS-udemy&youtube/youtubeCURSOS/lms-website-MERN/server/routes/communityRoutes.js","statementMap":{"0":{"start":{"line":22,"column":24},"end":{"line":22,"column":40}},"1":{"start":{"line":26,"column":0},"end":{"line":26,"column":47}},"2":{"start":{"line":27,"column":0},"end":{"line":27,"column":63}},"3":{"start":{"line":28,"column":0},"end":{"line":28,"column":46}},"4":{"start":{"line":29,"column":0},"end":{"line":29,"column":59}},"5":{"start":{"line":30,"column":0},"end":{"line":30,"column":72}},"6":{"start":{"line":32,"column":0},"end":{"line":32,"column":63}},"7":{"start":{"line":33,"column":0},"end":{"line":33,"column":71}},"8":{"start":{"line":34,"column":0},"end":{"line":34,"column":53}},"9":{"start":{"line":37,"column":0},"end":{"line":37,"column":68}},"10":{"start":{"line":38,"column":0},"end":{"line":38,"column":59}},"11":{"start":{"line":39,"column":0},"end":{"line":39,"column":57}},"12":{"start":{"line":41,"column":0},"end":{"line":41,"column":57}},"13":{"start":{"line":42,"column":0},"end":{"line":42,"column":62}},"14":{"start":{"line":43,"column":0},"end":{"line":43,"column":65}}},"fnMap":{},"branchMap":{},"s":{"0":1,"1":1,"2":1,"3":1,"4":1,"5":1,"6":1,"7":1,"8":1,"9":1,"10":1,"11":1,"12":1,"13":1,"14":1},"f":{},"b":{},"inputSourceMap":null,"_coverageSchema":"1a1c01bbd47fc00a2c39e90264f33305004495a9","hash":"45208a19fe93e508f6c980eb22f20578f19f850d"}
,"/home/tiago/Documents/cursos&PROJETOS-udemy&youtube/youtubeCURSOS/lms-website-MERN/server/routes/courseRoute.js": {"path":"/home/tiago/Documents/cursos&PROJETOS-udemy&youtube/youtubeCURSOS/lms-website-MERN/server/routes/courseRoute.js","statementMap":{"0":{"start":{"line":4,"column":21},"end":{"line":4,"column":37}},"1":{"start":{"line":6,"column":0},"end":{"line":6,"column":39}},"2":{"start":{"line":7,"column":0},"end":{"line":7,"column":37}}},"fnMap":{},"branchMap":{},"s":{"0":1,"1":1,"2":1},"f":{},"b":{},"inputSourceMap":null,"_coverageSchema":"1a1c01bbd47fc00a2c39e90264f33305004495a9","hash":"8c86a73c37e05fdccbf3f570e34a2101d38a80f3"}
,"/home/tiago/Documents/cursos&PROJETOS-udemy&youtube/youtubeCURSOS/lms-website-MERN/server/routes/educatorRoutes.js": {"path":"/home/tiago/Documents/cursos&PROJETOS-udemy&youtube/youtubeCURSOS/lms-website-MERN/server/routes/educatorRoutes.js","statementMap":{"0":{"start":{"line":6,"column":23},"end":{"line":6,"column":39}},"1":{"start":{"line":9,"column":0},"end":{"line":9,"column":56}},"2":{"start":{"line":10,"column":0},"end":{"line":10,"column":86}},"3":{"start":{"line":11,"column":0},"end":{"line":11,"column":67}},"4":{"start":{"line":12,"column":0},"end":{"line":12,"column":72}},"5":{"start":{"line":13,"column":0},"end":{"line":13,"column":82}}},"fnMap":{},"branchMap":{},"s":{"0":1,"1":1,"2":1,"3":1,"4":1,"5":1},"f":{},"b":{},"inputSourceMap":null,"_coverageSchema":"1a1c01bbd47fc00a2c39e90264f33305004495a9","hash":"2369e4a24d9e586fd5a67dea0736a9484b314a3c"}
,"/home/tiago/Documents/cursos&PROJETOS-udemy&youtube/youtubeCURSOS/lms-website-MERN/server/routes/userRoutes.js": {"path":"/home/tiago/Documents/cursos&PROJETOS-udemy&youtube/youtubeCURSOS/lms-website-MERN/server/routes/userRoutes.js","statementMap":{"0":{"start":{"line":12,"column":19},"end":{"line":12,"column":35}},"1":{"start":{"line":14,"column":0},"end":{"line":14,"column":37}},"2":{"start":{"line":15,"column":0},"end":{"line":15,"column":46}},"3":{"start":{"line":16,"column":0},"end":{"line":16,"column":45}},"4":{"start":{"line":17,"column":0},"end":{"line":17,"column":57}},"5":{"start":{"line":18,"column":0},"end":{"line":18,"column":69}},"6":{"start":{"line":19,"column":0},"end":{"line":19,"column":63}},"7":{"start":{"line":20,"column":0},"end":{"line":20,"column":46}}},"fnMap":{},"branchMap":{},"s":{"0":1,"1":1,"2":1,"3":1,"4":1,"5":1,"6":1,"7":1},"f":{},"b":{},"inputSourceMap":null,"_coverageSchema":"1a1c01bbd47fc00a2c39e90264f33305004495a9","hash":"34678af70cf053241b3c0be0c2147168e8163f45"}
}
